Command line:
   bin
     -simmode  tcl
     -simrunnum  0
     -socket  51955

Fri Jan 19 17:18:02 2024


 Elaboration Time: 0.01 sec

 Current Memory Usage: 159.638 Meg

 Total Signals          : 49
 Total Nets             : 33
 Total Signal Drivers   : 15
 Total Blocks           : 7
 Total Primitive Blocks : 4
 Total Processes        : 6
 Total Traceable Variables  : 10
 Total Scalar Nets and Variables : 395
Total Line Count : 114

 Total Simulation Time: 0.03 sec

 Current Memory Usage: 236.671 Meg

Fri Jan 19 17:18:03 2024

