Command line:
   bin
     -simmode  tcl
     -simrunnum  0
     -socket  38949

Tue Dec 10 10:54:29 2024


 Elaboration Time: 0.05 sec

 Current Memory Usage: 159.887 Meg

 Total Signals          : 23
 Total Nets             : 18
 Total Signal Drivers   : 10
 Total Blocks           : 4
 Total Primitive Blocks : 3
 Total Processes        : 4
 Total Traceable Variables  : 9
 Total Scalar Nets and Variables : 379
Total Line Count : 56

 Total Simulation Time: 0.05 sec

 Current Memory Usage: 236.921 Meg

Tue Dec 10 10:54:30 2024

